<?xml version="1.0" encoding="UTF-8"?>
<!-- Generated by org.testng.reporters.JUnitReportReporter -->
<testsuite hostname="CPDK342" failures="0" tests="1" name="com.exam.PostRequet" time="4.405" errors="0" timestamp="2024-07-05T14:52:36 IST" skipped="0">
  <testcase classname="com.exam.PostRequet" name="GETRequest" time="4.405"/>
</testsuite> <!-- com.exam.PostRequet -->
