<?xml version="1.0" encoding="UTF-8"?>
<!-- Generated by org.testng.reporters.JUnitReportReporter -->
<testsuite hostname="CPDK342" failures="0" tests="1" name="com.exam.PutPatch" time="3.769" errors="0" timestamp="2024-07-05T15:08:02 IST" skipped="0">
  <testcase classname="com.exam.PutPatch" name="DeleteRequest" time="3.769"/>
</testsuite> <!-- com.exam.PutPatch -->
