<?xml version="1.0" encoding="UTF-8"?>
<!-- Generated by org.testng.reporters.JUnitReportReporter -->
<testsuite hostname="CPDK342" failures="0" tests="1" name="com.exam.FirstTest" time="4.234" errors="0" timestamp="2024-07-05T12:52:37 IST" skipped="0">
  <testcase classname="com.exam.FirstTest" name="GETApiTest2" time="4.234"/>
</testsuite> <!-- com.exam.FirstTest -->
